2025-03-10 12:35:12,034 - INFO - 正在爬取第 1 页...
2025-03-10 12:35:13,435 - INFO - 已爬取: {'品牌': '品牌： 讯景（XFX）', '商品名称': '商品名称：讯景RX 6750 GRE', '商品编号': '商品编号：100070862384', '价格': '￥2599.00', '店铺名称': 'XFX讯景京东自营旗舰店'}
2025-03-10 12:35:16,593 - INFO - 已爬取: {'品牌': '品牌： 七彩虹（Colorful）', '商品名称': '商品名称：七彩虹RTX显卡', '商品编号': '商品编号：100187661752', '价格': '￥15999.00', '店铺名称': '七彩虹京东自营旗舰店'}
2025-03-10 12:35:19,538 - INFO - 已爬取: {'品牌': '品牌： 技嘉（GIGABYTE）', '商品名称': '商品名称：技嘉GV-N4060GAMING OC-8GD', '商品编号': '商品编号：100056046116', '价格': '￥2749.00', '店铺名称': '技嘉京东自营官方旗舰店'}
2025-03-10 12:35:22,787 - INFO - 已爬取: {'品牌': '品牌： 技嘉（GIGABYTE）', '商品名称': '商品名称：技嘉GV-N4060EAGLE OC-8GD', '商品编号': '商品编号：100091929767', '价格': '￥2649.00', '店铺名称': '技嘉京东自营官方旗舰店'}
2025-03-10 12:35:26,209 - INFO - 已爬取: {'品牌': '品牌： 技嘉（GIGABYTE）', '商品名称': '商品名称：技嘉GV-N507TGAMING OC-16GD', '商品编号': '商品编号：100188447084', '价格': '￥8999.00', '店铺名称': '技嘉京东自营官方旗舰店'}
2025-03-10 12:35:29,147 - INFO - 已爬取: {'品牌': '品牌： 技嘉（GIGABYTE）', '商品名称': '商品名称：技嘉GV-N3060GAMING', '商品编号': '商品编号：100022510770', '价格': '￥', '店铺名称': '技嘉京东自营官方旗舰店'}
2025-03-10 12:35:32,178 - INFO - 已爬取: {'品牌': '品牌： 讯景（XFX）', '商品名称': '商品名称：讯景RX9070XT', '商品编号': '商品编号：100183080274', '价格': '￥', '店铺名称': 'XFX讯景京东自营旗舰店'}
2025-03-10 12:35:45,073 - ERROR - 爬取商品时出错: 
没有找到元素。
方法: ele()
参数: {'locator': 'xpath:/html/body/div[10]/div[2]', 'index': 1, 'timeout': 10}
版本: 4.1.0.17
2025-03-10 12:35:48,435 - INFO - 已爬取: {'品牌': '品牌： 七彩虹（Colorful）', '商品名称': '商品名称：七彩虹RTX显卡', '商品编号': '商品编号：100152862177', '价格': '￥9999.00', '店铺名称': '七彩虹京东自营旗舰店'}
2025-03-10 12:35:51,902 - INFO - 已爬取: {'品牌': '品牌： 技嘉（GIGABYTE）', '商品名称': '商品名称：技嘉GV-N407SGAMING OC-12GD', '商品编号': '商品编号：100082412965', '价格': '￥5699.00', '店铺名称': '技嘉京东自营官方旗舰店'}
2025-03-10 12:35:54,905 - INFO - 已爬取: {'品牌': '品牌： 华硕（ASUS）', '商品名称': '商品名称：华硕RX 6750 GRE', '商品编号': '商品编号：100178361092', '价格': '￥2999.00', '店铺名称': '华硕京东自营旗舰店'}
2025-03-10 12:35:57,903 - INFO - 已爬取: {'品牌': '品牌： 昂达（ONDA）', '商品名称': '商品名称：昂达R5 220典范2GD3 V5', '商品编号': '商品编号：100043914118', '价格': '￥', '店铺名称': '昂达（ONDA）京东自营旗舰店'}
2025-03-10 12:36:01,353 - INFO - 已爬取: {'品牌': '品牌： 盈通（yeston）', '商品名称': '商品名称：盈通RX 7800XT-16GD6 樱瞳花嫁', '商品编号': '商品编号：100066941053', '价格': '￥4299.00', '店铺名称': '盈通京东自营旗舰店'}
2025-03-10 12:36:04,307 - INFO - 已爬取: {'品牌': '品牌： 瀚铠（VASTARMOR）', '商品名称': '商品名称：瀚铠RX 7700 XT', '商品编号': '商品编号：100117926112', '价格': '￥', '店铺名称': '瀚铠（VASTARMOR）显卡京东自营旗舰店'}
2025-03-10 12:36:07,310 - INFO - 已爬取: {'品牌': '品牌： 七彩虹（Colorful）', '商品名称': '商品名称：七彩虹RTX显卡', '商品编号': '商品编号：100187661740', '价格': '￥15999.00', '店铺名称': '七彩虹京东自营旗舰店'}
2025-03-10 12:36:10,250 - INFO - 已爬取: {'品牌': '品牌： 技嘉（GIGABYTE）', '商品名称': '商品名称：技嘉GV-N5080GAMING OC-16GD', '商品编号': '商品编号：100180790616', '价格': '￥11499.00', '店铺名称': '技嘉京东自营官方旗舰店'}
2025-03-10 12:36:13,278 - INFO - 已爬取: {'品牌': '品牌： 华硕（ASUS）', '商品名称': '商品名称：华硕RTX 4060 Ti', '商品编号': '商品编号：100059893460', '价格': '￥', '店铺名称': '华硕京东自营旗舰店'}
2025-03-10 12:36:16,267 - INFO - 已爬取: {'品牌': '品牌： 华硕（ASUS）', '商品名称': '商品名称：华硕RTX 4060 Ti', '商品编号': '商品编号：100055600050', '价格': '￥', '店铺名称': '华硕京东自营旗舰店'}
2025-03-10 12:36:19,352 - INFO - 已爬取: {'品牌': '品牌： 瀚铠（VASTARMOR）', '商品名称': '商品名称：瀚铠RX 7700 XT', '商品编号': '商品编号：100092285381', '价格': '￥3249.00', '店铺名称': '瀚铠（VASTARMOR）显卡京东自营旗舰店'}
2025-03-10 12:36:22,253 - INFO - 已爬取: {'品牌': '品牌： 技嘉（GIGABYTE）', '商品名称': '商品名称：技嘉GV-R78XTGAMING OC-16GD', '商品编号': '商品编号：100067093969', '价格': '￥', '店铺名称': '技嘉京东自营官方旗舰店'}
2025-03-10 12:36:35,594 - ERROR - 爬取商品时出错: 
没有找到元素。
方法: ele()
参数: {'locator': 'xpath:/html/body/div[10]/div[2]', 'index': 1, 'timeout': 10}
版本: 4.1.0.17
2025-03-10 12:36:38,671 - INFO - 已爬取: {'品牌': '品牌： 讯景（XFX）', '商品名称': '商品名称：讯景RX9070XT', '商品编号': '商品编号：100145837565', '价格': '￥6199.00', '店铺名称': 'XFX讯景京东自营旗舰店'}
2025-03-10 12:36:41,634 - INFO - 已爬取: {'品牌': '品牌： 撼讯', '商品名称': '商品名称：撼讯RX6750GRE竞技', '商品编号': '商品编号：100073736024', '价格': '￥', '店铺名称': '撼讯京东自营旗舰店'}
2025-03-10 12:36:44,723 - INFO - 已爬取: {'品牌': '品牌： 技嘉（GIGABYTE）', '商品名称': '商品名称：技嘉GV-N3060GAMING OC-8GD', '商品编号': '商品编号：100050745504', '价格': '￥', '店铺名称': '技嘉京东自营官方旗舰店'}
2025-03-10 12:36:47,784 - INFO - 已爬取: {'品牌': '品牌： 华硕（ASUS）', '商品名称': '商品名称：华硕RTX 5070 Ti', '商品编号': '商品编号：100187310368', '价格': '￥8899.00', '店铺名称': '华硕京东自营旗舰店'}
2025-03-10 12:36:50,865 - INFO - 已爬取: {'品牌': '品牌： 盈通（yeston）', '商品名称': '商品名称：盈通RX6500XT-4GD6 大地之神 GA', '商品编号': '商品编号：100017905037', '价格': '￥1399.00', '店铺名称': '盈通京东自营旗舰店'}
2025-03-10 12:36:56,176 - INFO - 正在爬取第 2 页...
2025-03-10 12:37:06,078 - INFO - 已爬取: {'品牌': '品牌： 讯景（XFX）', '商品名称': '商品名称：讯景RX 7900 XTX', '商品编号': '商品编号：100064725990', '价格': '￥', '店铺名称': 'XFX讯景京东自营旗舰店'}
2025-03-10 12:37:09,492 - INFO - 已爬取: {'品牌': '品牌： 蓝戟', '商品名称': '商品名称：蓝戟B580', '商品编号': '商品编号：100161128196', '价格': '￥2419.00', '店铺名称': '蓝戟京东自营旗舰店'}
2025-03-10 12:37:12,556 - INFO - 已爬取: {'品牌': '品牌： 昂达（ONDA）', '商品名称': '商品名称：昂达GT730K典范4GD3 V5', '商品编号': '商品编号：100043669768', '价格': '￥', '店铺名称': '昂达（ONDA）京东自营旗舰店'}
2025-03-10 12:37:15,914 - INFO - 已爬取: {'品牌': '品牌： 铭u（MAXSUN）', '商品名称': '商品名称：铭uMS-RTX3050 TR 6G', '商品编号': '商品编号：100128764447', '价格': '￥1899.00', '店铺名称': '铭u京东自营旗舰店'}
2025-03-10 12:37:19,324 - INFO - 已爬取: {'品牌': '品牌： 蓝戟', '商品名称': '商品名称：蓝戟A380', '商品编号': '商品编号：100029502347', '价格': '￥1599.00', '店铺名称': '蓝戟京东自营旗舰店'}
2025-03-10 12:37:22,748 - INFO - 已爬取: {'品牌': '品牌： 讯景（XFX）', '商品名称': '商品名称：讯景RX 7800 XT', '商品编号': '商品编号：100114054982', '价格': '￥4099.00', '店铺名称': 'XFX讯景京东自营旗舰店'}
2025-03-10 12:37:35,754 - ERROR - 爬取商品时出错: 
没有找到元素。
方法: ele()
参数: {'locator': 'xpath:/html/body/div[10]/div[2]', 'index': 1, 'timeout': 10}
版本: 4.1.0.17
2025-03-10 12:37:49,661 - ERROR - 爬取商品时出错: 
没有找到元素。
方法: ele()
参数: {'locator': 'xpath:/html/body/div[10]/div[2]', 'index': 1, 'timeout': 10}
版本: 4.1.0.17
2025-03-10 12:37:52,942 - INFO - 已爬取: {'品牌': '品牌： 英特尔（Intel）', '商品名称': '商品名称：英特尔锐炫 B580', '商品编号': '商品编号：100161730444', '价格': '￥2049.00', '店铺名称': '英特尔京东自营旗舰店'}
2025-03-10 12:37:56,440 - INFO - 已爬取: {'品牌': '品牌： 七彩虹（Colorful）', '商品名称': '商品名称：七彩虹RTX显卡', '商品编号': '商品编号：100058440294', '价格': '￥2899.00', '店铺名称': '七彩虹京东自营旗舰店'}
2025-03-10 12:37:59,952 - INFO - 已爬取: {'品牌': '品牌： 华硕（ASUS）', '商品名称': '商品名称：华硕RX 7650 GRE', '商品编号': '商品编号：100184553392', '价格': '￥2900.00', '店铺名称': '华硕京东自营旗舰店'}
2025-03-10 12:38:03,517 - INFO - 已爬取: {'品牌': '品牌： 华硕（ASUS）', '商品名称': '商品名称：华硕DUAL-RTX3060-O12G-V2', '商品编号': '商品编号：100022014706', '价格': '￥7000.00', '店铺名称': '华硕京东自营旗舰店'}
2025-03-10 12:38:06,671 - INFO - 已爬取: {'品牌': '品牌： 技嘉（GIGABYTE）', '商品名称': '商品名称：技嘉GV-R77XTGAMING OC-12GD', '商品编号': '商品编号：100064953926', '价格': '￥3499.00', '店铺名称': '技嘉京东自营官方旗舰店'}
2025-03-10 12:38:09,812 - INFO - 已爬取: {'品牌': '品牌： 华硕（ASUS）', '商品名称': '商品名称：华硕RTX 3050', '商品编号': '商品编号：100093637982', '价格': '￥1989.00', '店铺名称': '华硕京东自营旗舰店'}
2025-03-10 12:38:13,087 - INFO - 已爬取: {'品牌': '品牌： 盈通（yeston）', '商品名称': '商品名称：盈通YESTON RX6600-8GD6 大地之神', '商品编号': '商品编号：100014916181', '价格': '￥1699.00', '店铺名称': '盈通京东自营旗舰店'}
2025-03-10 12:38:26,157 - ERROR - 爬取商品时出错: 
没有找到元素。
方法: ele()
参数: {'locator': 'xpath:/html/body/div[10]/div[2]', 'index': 1, 'timeout': 10}
版本: 4.1.0.17
2025-03-10 12:38:29,522 - INFO - 已爬取: {'品牌': '品牌： 讯景（XFX）', '商品名称': '商品名称：讯景RX 7900 XT', '商品编号': '商品编号：100183080258', '价格': '￥4899.00', '店铺名称': 'XFX讯景京东自营旗舰店'}
2025-03-10 12:38:32,799 - INFO - 已爬取: {'品牌': '品牌： 讯景（XFX）', '商品名称': '商品名称：讯景RX 7900 XT', '商品编号': '商品编号：100123448831', '价格': '￥5399.00', '店铺名称': 'XFX讯景京东自营旗舰店'}
2025-03-10 12:38:36,107 - INFO - 已爬取: {'品牌': '品牌： 七彩虹（Colorful）', '商品名称': '商品名称：七彩虹GeForce RTX 4060Ti', '商品编号': '商品编号：100058595037', '价格': '￥3649.00', '店铺名称': '七彩虹京东自营旗舰店'}
2025-03-10 12:38:38,999 - INFO - 已爬取: {'品牌': '品牌： 撼讯', '商品名称': '商品名称：撼讯6750GRE 10G', '商品编号': '商品编号：100113222028', '价格': '￥', '店铺名称': '撼讯京东自营旗舰店'}
2025-03-10 12:38:52,204 - ERROR - 爬取商品时出错: 
没有找到元素。
方法: ele()
参数: {'locator': 'xpath:/html/body/div[10]/div[2]', 'index': 1, 'timeout': 10}
版本: 4.1.0.17
2025-03-10 12:38:55,512 - INFO - 已爬取: {'品牌': '品牌： 技嘉（GIGABYTE）', '商品名称': '商品名称：技嘉GV-N507TAORUS M-16GD', '商品编号': '商品编号：100188447066', '价格': '￥9999.00', '店铺名称': '技嘉京东自营官方旗舰店'}
2025-03-10 12:39:08,408 - ERROR - 爬取商品时出错: 
没有找到元素。
方法: ele()
参数: {'locator': 'xpath:/html/body/div[10]/div[2]', 'index': 1, 'timeout': 10}
版本: 4.1.0.17
2025-03-10 12:39:11,402 - INFO - 已爬取: {'品牌': '品牌： 盈通（yeston）', '商品名称': '商品名称：盈通Yeston GT710-2G D3 战神', '商品编号': '商品编号：100026913187', '价格': '￥299.00', '店铺名称': '盈通京东自营旗舰店'}
2025-03-10 12:39:14,722 - INFO - 已爬取: {'品牌': '品牌： 蓝戟', '商品名称': '商品名称：蓝戟B580', '商品编号': '商品编号：100161128230', '价格': '￥2199.00', '店铺名称': '蓝戟京东自营旗舰店'}
2025-03-10 12:39:28,001 - ERROR - 爬取商品时出错: 
没有找到元素。
方法: ele()
参数: {'locator': 'xpath:/html/body/div[10]/div[2]', 'index': 1, 'timeout': 10}
版本: 4.1.0.17
2025-03-10 12:39:31,310 - INFO - 已爬取: {'品牌': '品牌： 蓝宝石（Sapphire）', '商品名称': '商品名称：蓝宝石RX 7900 XTX', '商品编号': '商品编号：100125602475', '价格': '￥7799.00', '店铺名称': ''}
2025-03-10 12:39:44,678 - ERROR - 爬取商品时出错: 
没有找到元素。
方法: ele()
参数: {'locator': 'xpath:/html/body/div[10]/div[2]', 'index': 1, 'timeout': 10}
版本: 4.1.0.17
2025-03-10 12:39:57,626 - ERROR - 爬取商品时出错: 
没有找到元素。
方法: ele()
参数: {'locator': 'xpath:/html/body/div[10]/div[2]', 'index': 1, 'timeout': 10}
版本: 4.1.0.17
2025-03-10 12:40:02,918 - INFO - 正在爬取第 3 页...
2025-03-10 12:40:14,151 - ERROR - 爬取商品时出错: 
没有找到元素。
方法: ele()
参数: {'locator': 'xpath:/html/body/div[10]/div[2]', 'index': 1, 'timeout': 10}
版本: 4.1.0.17
2025-03-10 12:40:27,111 - ERROR - 爬取商品时出错: 
没有找到元素。
方法: ele()
参数: {'locator': 'xpath:/html/body/div[10]/div[2]', 'index': 1, 'timeout': 10}
版本: 4.1.0.17
2025-03-10 12:40:40,103 - ERROR - 爬取商品时出错: 
没有找到元素。
方法: ele()
参数: {'locator': 'xpath:/html/body/div[10]/div[2]', 'index': 1, 'timeout': 10}
版本: 4.1.0.17
2025-03-10 12:40:43,433 - INFO - 已爬取: {'品牌': '品牌： 昂达（ONDA）', '商品名称': '商品名称：昂达GT730K典范2GD3-LP V5', '商品编号': '商品编号：100053234167', '价格': '￥449.00', '店铺名称': '昂达（ONDA）京东自营旗舰店'}
2025-03-10 12:40:46,688 - INFO - 已爬取: {'品牌': '品牌： 蓝戟', '商品名称': '商品名称：蓝戟A380', '商品编号': '商品编号：100112408897', '价格': '￥899.00', '店铺名称': '蓝戟京东自营旗舰店'}
2025-03-10 12:40:59,599 - ERROR - 爬取商品时出错: 
没有找到元素。
方法: ele()
参数: {'locator': 'xpath:/html/body/div[10]/div[2]', 'index': 1, 'timeout': 10}
版本: 4.1.0.17
2025-03-10 12:41:02,508 - INFO - 已爬取: {'品牌': '品牌： 盈通（yeston）', '商品名称': '商品名称：盈通GTX1050Ti 4G D5大地之神', '商品编号': '商品编号：4194678', '价格': '￥', '店铺名称': '盈通京东自营旗舰店'}
2025-03-10 12:41:05,789 - INFO - 已爬取: {'品牌': '品牌： 华硕（ASUS）', '商品名称': '商品名称：华硕RTX 4060', '商品编号': '商品编号：100059893522', '价格': '￥3899.00', '店铺名称': '华硕京东自营旗舰店'}
2025-03-10 12:41:19,062 - ERROR - 爬取商品时出错: 
没有找到元素。
方法: ele()
参数: {'locator': 'xpath:/html/body/div[10]/div[2]', 'index': 1, 'timeout': 10}
版本: 4.1.0.17
2025-03-10 12:41:22,531 - INFO - 已爬取: {'品牌': '品牌： 微星（MSI）', '商品名称': '商品名称：微星RTX 4060', '商品编号': '商品编号：100063706856', '价格': '￥2599.00', '店铺名称': '微星京东自营旗舰店'}
2025-03-10 12:41:35,426 - ERROR - 爬取商品时出错: 
没有找到元素。
方法: ele()
参数: {'locator': 'xpath:/html/body/div[10]/div[2]', 'index': 1, 'timeout': 10}
版本: 4.1.0.17
2025-03-10 12:41:38,815 - INFO - 已爬取: {'品牌': '品牌： 技嘉（GIGABYTE）', '商品名称': '商品名称：技嘉GV-N507TEAGLEOC ICE-16GD', '商品编号': '商品编号：100149413507', '价格': '￥8899.00', '店铺名称': '技嘉京东自营官方旗舰店'}
2025-03-10 12:41:51,740 - ERROR - 爬取商品时出错: 
没有找到元素。
方法: ele()
参数: {'locator': 'xpath:/html/body/div[10]/div[2]', 'index': 1, 'timeout': 10}
版本: 4.1.0.17
2025-03-10 12:42:05,413 - ERROR - 爬取商品时出错: 
没有找到元素。
方法: ele()
参数: {'locator': 'xpath:/html/body/div[10]/div[2]', 'index': 1, 'timeout': 10}
版本: 4.1.0.17
2025-03-10 12:42:18,314 - ERROR - 爬取商品时出错: 
没有找到元素。
方法: ele()
参数: {'locator': 'xpath:/html/body/div[10]/div[2]', 'index': 1, 'timeout': 10}
版本: 4.1.0.17
2025-03-10 12:42:31,630 - ERROR - 爬取商品时出错: 
没有找到元素。
方法: ele()
参数: {'locator': 'xpath:/html/body/div[10]/div[2]', 'index': 1, 'timeout': 10}
版本: 4.1.0.17
2025-03-10 12:42:44,537 - ERROR - 爬取商品时出错: 
没有找到元素。
方法: ele()
参数: {'locator': 'xpath:/html/body/div[10]/div[2]', 'index': 1, 'timeout': 10}
版本: 4.1.0.17
2025-03-10 12:42:57,384 - ERROR - 爬取商品时出错: 
没有找到元素。
方法: ele()
参数: {'locator': 'xpath:/html/body/div[10]/div[2]', 'index': 1, 'timeout': 10}
版本: 4.1.0.17
2025-03-10 12:43:00,733 - INFO - 已爬取: {'品牌': '品牌： 讯景（XFX）', '商品名称': '商品名称：讯景RX9070', '商品编号': '商品编号：100183080308', '价格': '￥4999.00', '店铺名称': 'XFX讯景京东自营旗舰店'}
2025-03-10 12:43:03,777 - INFO - 已爬取: {'品牌': '品牌： 华硕（ASUS）', '商品名称': '商品名称：华硕RTX 5070', '商品编号': '商品编号：100148658393', '价格': '￥7799.00', '店铺名称': '华硕京东自营旗舰店'}
2025-03-10 12:43:07,199 - INFO - 已爬取: {'品牌': '品牌： 七彩虹（Colorful）', '商品名称': '商品名称：七彩虹GeForce RTX 4060Ti', '商品编号': '商品编号：100058595041', '价格': '￥3899.00', '店铺名称': '七彩虹京东自营旗舰店'}
2025-03-10 12:43:25,987 - ERROR - 爬取商品时出错: 
没有找到元素。
方法: ele()
参数: {'locator': 'xpath:/html/body/div[10]/div[2]', 'index': 1, 'timeout': 10}
版本: 4.1.0.17
2025-03-10 12:43:38,879 - ERROR - 爬取商品时出错: 
没有找到元素。
方法: ele()
参数: {'locator': 'xpath:/html/body/div[10]/div[2]', 'index': 1, 'timeout': 10}
版本: 4.1.0.17
2025-03-10 12:43:51,815 - ERROR - 爬取商品时出错: 
没有找到元素。
方法: ele()
参数: {'locator': 'xpath:/html/body/div[10]/div[2]', 'index': 1, 'timeout': 10}
版本: 4.1.0.17
2025-03-10 12:44:04,731 - ERROR - 爬取商品时出错: 
没有找到元素。
方法: ele()
参数: {'locator': 'xpath:/html/body/div[10]/div[2]', 'index': 1, 'timeout': 10}
版本: 4.1.0.17
2025-03-10 12:44:17,629 - ERROR - 爬取商品时出错: 
没有找到元素。
方法: ele()
参数: {'locator': 'xpath:/html/body/div[10]/div[2]', 'index': 1, 'timeout': 10}
版本: 4.1.0.17
2025-03-10 12:44:20,843 - INFO - 已爬取: {'品牌': '品牌： 昂达（ONDA）', '商品名称': '商品名称：昂达GT730K典范4GD3-LP V6', '商品编号': '商品编号：100117548327', '价格': '￥319.00', '店铺名称': '昂达（ONDA）京东自营旗舰店'}
2025-03-10 12:44:34,059 - ERROR - 爬取商品时出错: 
没有找到元素。
方法: ele()
参数: {'locator': 'xpath:/html/body/div[10]/div[2]', 'index': 1, 'timeout': 10}
版本: 4.1.0.17
2025-03-10 12:44:47,040 - ERROR - 爬取商品时出错: 
没有找到元素。
方法: ele()
参数: {'locator': 'xpath:/html/body/div[10]/div[2]', 'index': 1, 'timeout': 10}
版本: 4.1.0.17
2025-03-10 12:44:52,355 - INFO - 正在爬取第 4 页...
2025-03-10 12:44:53,656 - INFO - 已爬取: {'品牌': '品牌： 讯景（XFX）', '商品名称': '商品名称：讯景RX 7900 XT', '商品编号': '商品编号：100064725988', '价格': '￥5299.00', '店铺名称': 'XFX讯景京东自营旗舰店'}
2025-03-10 12:44:56,895 - INFO - 已爬取: {'品牌': '品牌： 讯景（XFX）', '商品名称': '商品名称：讯景RX9070XT', '商品编号': '商品编号：100192143060', '价格': '￥5999.00', '店铺名称': 'XFX讯景京东自营旗舰店'}
2025-03-10 12:45:09,843 - ERROR - 爬取商品时出错: 
没有找到元素。
方法: ele()
参数: {'locator': 'xpath:/html/body/div[10]/div[2]', 'index': 1, 'timeout': 10}
版本: 4.1.0.17
2025-03-10 12:45:22,849 - ERROR - 爬取商品时出错: 
没有找到元素。
方法: ele()
参数: {'locator': 'xpath:/html/body/div[10]/div[2]', 'index': 1, 'timeout': 10}
版本: 4.1.0.17
2025-03-10 12:45:36,246 - ERROR - 爬取商品时出错: 
没有找到元素。
方法: ele()
参数: {'locator': 'xpath:/html/body/div[10]/div[2]', 'index': 1, 'timeout': 10}
版本: 4.1.0.17
2025-03-10 12:45:39,192 - INFO - 已爬取: {'品牌': '品牌： 技嘉（GIGABYTE）', '商品名称': '商品名称：技嘉GV-N4060OC-8GL', '商品编号': '商品编号：100062524658', '价格': '￥', '店铺名称': '技嘉京东自营官方旗舰店'}
2025-03-10 12:45:52,093 - ERROR - 爬取商品时出错: 
没有找到元素。
方法: ele()
参数: {'locator': 'xpath:/html/body/div[10]/div[2]', 'index': 1, 'timeout': 10}
版本: 4.1.0.17
2025-03-10 12:45:55,538 - INFO - 已爬取: {'品牌': '品牌： 铭u（MAXSUN）', '商品名称': '商品名称：铭uMS-Milestone Arc B580 12G', '商品编号': '商品编号：100161279308', '价格': '￥2150.00', '店铺名称': '铭u京东自营旗舰店'}
2025-03-10 12:46:08,552 - ERROR - 爬取商品时出错: 
没有找到元素。
方法: ele()
参数: {'locator': 'xpath:/html/body/div[10]/div[2]', 'index': 1, 'timeout': 10}
版本: 4.1.0.17
2025-03-10 12:46:21,934 - ERROR - 爬取商品时出错: 
没有找到元素。
方法: ele()
参数: {'locator': 'xpath:/html/body/div[10]/div[2]', 'index': 1, 'timeout': 10}
版本: 4.1.0.17
2025-03-10 12:46:25,182 - INFO - 已爬取: {'品牌': '品牌： 盈通（yeston）', '商品名称': '商品名称：盈通RX6500XT-4G D6极速版', '商品编号': '商品编号：100053063406', '价格': '￥1199.00', '店铺名称': '盈通京东自营旗舰店'}
2025-03-10 12:46:28,466 - INFO - 已爬取: {'品牌': '品牌： 技嘉（GIGABYTE）', '商品名称': '商品名称：技嘉GV-N406TAERO OC-8GD', '商品编号': '商品编号：100058948825', '价格': '￥3749.00', '店铺名称': '技嘉京东自营官方旗舰店'}
2025-03-10 12:46:42,158 - ERROR - 爬取商品时出错: 
没有找到元素。
方法: ele()
参数: {'locator': 'xpath:/html/body/div[10]/div[2]', 'index': 1, 'timeout': 10}
版本: 4.1.0.17
2025-03-10 12:46:55,066 - ERROR - 爬取商品时出错: 
没有找到元素。
方法: ele()
参数: {'locator': 'xpath:/html/body/div[10]/div[2]', 'index': 1, 'timeout': 10}
版本: 4.1.0.17
2025-03-10 12:47:08,010 - ERROR - 爬取商品时出错: 
没有找到元素。
方法: ele()
参数: {'locator': 'xpath:/html/body/div[10]/div[2]', 'index': 1, 'timeout': 10}
版本: 4.1.0.17
2025-03-10 12:47:21,206 - ERROR - 爬取商品时出错: 
没有找到元素。
方法: ele()
参数: {'locator': 'xpath:/html/body/div[10]/div[2]', 'index': 1, 'timeout': 10}
版本: 4.1.0.17
2025-03-10 12:47:34,688 - ERROR - 爬取商品时出错: 
没有找到元素。
方法: ele()
参数: {'locator': 'xpath:/html/body/div[10]/div[2]', 'index': 1, 'timeout': 10}
版本: 4.1.0.17
2025-03-10 12:47:50,828 - ERROR - 爬取商品时出错: 
没有找到元素。
方法: ele()
参数: {'locator': 'xpath:/html/body/div[10]/div[2]', 'index': 1, 'timeout': 10}
版本: 4.1.0.17
2025-03-10 12:48:03,934 - ERROR - 爬取商品时出错: 
没有找到元素。
方法: ele()
参数: {'locator': 'xpath:/html/body/div[10]/div[2]', 'index': 1, 'timeout': 10}
版本: 4.1.0.17
2025-03-10 12:48:17,147 - ERROR - 爬取商品时出错: 
没有找到元素。
方法: ele()
参数: {'locator': 'xpath:/html/body/div[10]/div[2]', 'index': 1, 'timeout': 10}
版本: 4.1.0.17
2025-03-10 12:48:30,214 - ERROR - 爬取商品时出错: 
没有找到元素。
方法: ele()
参数: {'locator': 'xpath:/html/body/div[10]/div[2]', 'index': 1, 'timeout': 10}
版本: 4.1.0.17
2025-03-10 12:48:43,583 - ERROR - 爬取商品时出错: 
没有找到元素。
方法: ele()
参数: {'locator': 'xpath:/html/body/div[10]/div[2]', 'index': 1, 'timeout': 10}
版本: 4.1.0.17
2025-03-10 12:48:56,934 - ERROR - 爬取商品时出错: 
没有找到元素。
方法: ele()
参数: {'locator': 'xpath:/html/body/div[10]/div[2]', 'index': 1, 'timeout': 10}
版本: 4.1.0.17
2025-03-10 12:49:10,161 - ERROR - 爬取商品时出错: 
没有找到元素。
方法: ele()
参数: {'locator': 'xpath:/html/body/div[10]/div[2]', 'index': 1, 'timeout': 10}
版本: 4.1.0.17
2025-03-10 12:49:23,064 - ERROR - 爬取商品时出错: 
没有找到元素。
方法: ele()
参数: {'locator': 'xpath:/html/body/div[10]/div[2]', 'index': 1, 'timeout': 10}
版本: 4.1.0.17
2025-03-10 12:49:36,008 - ERROR - 爬取商品时出错: 
没有找到元素。
方法: ele()
参数: {'locator': 'xpath:/html/body/div[10]/div[2]', 'index': 1, 'timeout': 10}
版本: 4.1.0.17
2025-03-10 12:49:48,917 - ERROR - 爬取商品时出错: 
没有找到元素。
方法: ele()
参数: {'locator': 'xpath:/html/body/div[10]/div[2]', 'index': 1, 'timeout': 10}
版本: 4.1.0.17
2025-03-10 12:50:01,940 - ERROR - 爬取商品时出错: 
没有找到元素。
方法: ele()
参数: {'locator': 'xpath:/html/body/div[10]/div[2]', 'index': 1, 'timeout': 10}
版本: 4.1.0.17
2025-03-10 12:50:14,956 - ERROR - 爬取商品时出错: 
没有找到元素。
方法: ele()
参数: {'locator': 'xpath:/html/body/div[10]/div[2]', 'index': 1, 'timeout': 10}
版本: 4.1.0.17
2025-03-10 12:50:20,275 - INFO - 正在爬取第 5 页...
2025-03-10 12:50:31,798 - ERROR - 爬取商品时出错: 
没有找到元素。
方法: ele()
参数: {'locator': 'xpath:/html/body/div[10]/div[2]', 'index': 1, 'timeout': 10}
版本: 4.1.0.17
2025-03-10 12:50:45,003 - ERROR - 爬取商品时出错: 
没有找到元素。
方法: ele()
参数: {'locator': 'xpath:/html/body/div[10]/div[2]', 'index': 1, 'timeout': 10}
版本: 4.1.0.17
2025-03-10 12:50:58,900 - ERROR - 爬取商品时出错: 
没有找到元素。
方法: ele()
参数: {'locator': 'xpath:/html/body/div[10]/div[2]', 'index': 1, 'timeout': 10}
版本: 4.1.0.17
2025-03-10 12:51:02,348 - INFO - 已爬取: {'品牌': '品牌： 盈通（yeston）', '商品名称': '商品名称：盈通GT 1030', '商品编号': '商品编号：100118810721', '价格': '￥469.00', '店铺名称': '盈通京东自营旗舰店'}
2025-03-10 12:51:15,319 - ERROR - 爬取商品时出错: 
没有找到元素。
方法: ele()
参数: {'locator': 'xpath:/html/body/div[10]/div[2]', 'index': 1, 'timeout': 10}
版本: 4.1.0.17
2025-03-10 12:51:18,693 - INFO - 已爬取: {'品牌': '品牌： 瀚铠（VASTARMOR）', '商品名称': '商品名称：瀚铠7600', '商品编号': '商品编号：100076036131', '价格': '￥2099.00', '店铺名称': '瀚铠（VASTARMOR）显卡京东自营旗舰店'}
2025-03-10 12:51:31,638 - ERROR - 爬取商品时出错: 
没有找到元素。
方法: ele()
参数: {'locator': 'xpath:/html/body/div[10]/div[2]', 'index': 1, 'timeout': 10}
版本: 4.1.0.17
2025-03-10 12:51:44,531 - ERROR - 爬取商品时出错: 
没有找到元素。
方法: ele()
参数: {'locator': 'xpath:/html/body/div[10]/div[2]', 'index': 1, 'timeout': 10}
版本: 4.1.0.17
2025-03-10 12:51:47,783 - INFO - 已爬取: {'品牌': '品牌： 翔升（ASL）', '商品名称': '商品名称：翔升RTX4070TI SUPER', '商品编号': '商品编号：100141572355', '价格': '￥6489.00', '店铺名称': '翔升京东自营旗舰店'}
2025-03-10 12:51:51,146 - INFO - 已爬取: {'品牌': '品牌： 磐镭', '商品名称': '商品名称：磐镭6650XT', '商品编号': '商品编号：100131848007', '价格': '￥1699.00', '店铺名称': '磐镭京东自营旗舰店'}
2025-03-10 12:52:04,023 - ERROR - 爬取商品时出错: 
没有找到元素。
方法: ele()
参数: {'locator': 'xpath:/html/body/div[10]/div[2]', 'index': 1, 'timeout': 10}
版本: 4.1.0.17
2025-03-10 12:52:07,359 - INFO - 已爬取: {'品牌': '品牌： 昂达（ONDA）', '商品名称': '商品名称：昂达GT1030典范2GD5-V5', '商品编号': '商品编号：100044645372', '价格': '￥649.00', '店铺名称': '昂达（ONDA）京东自营旗舰店'}
2025-03-10 12:52:20,445 - ERROR - 爬取商品时出错: 
没有找到元素。
方法: ele()
参数: {'locator': 'xpath:/html/body/div[10]/div[2]', 'index': 1, 'timeout': 10}
版本: 4.1.0.17
2025-03-10 12:52:33,360 - ERROR - 爬取商品时出错: 
没有找到元素。
方法: ele()
参数: {'locator': 'xpath:/html/body/div[10]/div[2]', 'index': 1, 'timeout': 10}
版本: 4.1.0.17
2025-03-10 12:52:36,400 - INFO - 已爬取: {'品牌': '品牌： 昂达（ONDA）', '商品名称': '商品名称：昂达GT1030典范4GD4-LP V5', '商品编号': '商品编号：100077753049', '价格': '￥599.00', '店铺名称': '昂达（ONDA）京东自营旗舰店'}
2025-03-10 12:52:50,103 - ERROR - 爬取商品时出错: 
没有找到元素。
方法: ele()
参数: {'locator': 'xpath:/html/body/div[10]/div[2]', 'index': 1, 'timeout': 10}
版本: 4.1.0.17
2025-03-10 12:53:02,962 - ERROR - 爬取商品时出错: 
没有找到元素。
方法: ele()
参数: {'locator': 'xpath:/html/body/div[10]/div[2]', 'index': 1, 'timeout': 10}
版本: 4.1.0.17
2025-03-10 12:53:06,303 - INFO - 已爬取: {'品牌': '品牌： 蓝戟', '商品名称': '商品名称：蓝戟A380', '商品编号': '商品编号：100123396963', '价格': '￥899.00', '店铺名称': '蓝戟京东自营旗舰店'}
2025-03-10 12:53:19,339 - ERROR - 爬取商品时出错: 
没有找到元素。
方法: ele()
参数: {'locator': 'xpath:/html/body/div[10]/div[2]', 'index': 1, 'timeout': 10}
版本: 4.1.0.17
2025-03-10 12:53:32,260 - ERROR - 爬取商品时出错: 
没有找到元素。
方法: ele()
参数: {'locator': 'xpath:/html/body/div[10]/div[2]', 'index': 1, 'timeout': 10}
版本: 4.1.0.17
2025-03-10 12:53:45,431 - ERROR - 爬取商品时出错: 
没有找到元素。
方法: ele()
参数: {'locator': 'xpath:/html/body/div[10]/div[2]', 'index': 1, 'timeout': 10}
版本: 4.1.0.17
2025-03-10 12:53:58,291 - ERROR - 爬取商品时出错: 
没有找到元素。
方法: ele()
参数: {'locator': 'xpath:/html/body/div[10]/div[2]', 'index': 1, 'timeout': 10}
版本: 4.1.0.17
2025-03-10 12:54:11,195 - ERROR - 爬取商品时出错: 
没有找到元素。
方法: ele()
参数: {'locator': 'xpath:/html/body/div[10]/div[2]', 'index': 1, 'timeout': 10}
版本: 4.1.0.17
2025-03-10 12:54:25,041 - ERROR - 爬取商品时出错: 
没有找到元素。
方法: ele()
参数: {'locator': 'xpath:/html/body/div[10]/div[2]', 'index': 1, 'timeout': 10}
版本: 4.1.0.17
2025-03-10 12:54:37,913 - ERROR - 爬取商品时出错: 
没有找到元素。
方法: ele()
参数: {'locator': 'xpath:/html/body/div[10]/div[2]', 'index': 1, 'timeout': 10}
版本: 4.1.0.17
2025-03-10 12:54:50,867 - ERROR - 爬取商品时出错: 
没有找到元素。
方法: ele()
参数: {'locator': 'xpath:/html/body/div[10]/div[2]', 'index': 1, 'timeout': 10}
版本: 4.1.0.17
2025-03-10 12:54:53,873 - INFO - 已爬取: {'品牌': '品牌： 华硕（ASUS）', '商品名称': '商品名称：华硕RTX 5070', '商品编号': '商品编号：100148658389', '价格': '￥7899.00', '店铺名称': '华硕京东自营旗舰店'}
2025-03-10 12:54:57,211 - INFO - 已爬取: {'品牌': '品牌： 磐镭', '商品名称': '商品名称：磐镭RX6650XT', '商品编号': '商品编号：100041713378', '价格': '￥2099.00', '店铺名称': '磐镭京东自营旗舰店'}
2025-03-10 12:55:10,219 - ERROR - 爬取商品时出错: 
没有找到元素。
方法: ele()
参数: {'locator': 'xpath:/html/body/div[10]/div[2]', 'index': 1, 'timeout': 10}
版本: 4.1.0.17
2025-03-10 12:55:13,552 - INFO - 已爬取: {'品牌': '品牌： 丽台（LEADTEK）', '商品名称': '商品名称：丽台A400', '商品编号': '商品编号：100109747849', '价格': '￥1389.00', '店铺名称': '丽台京东自营旗舰店'}
2025-03-10 12:55:18,846 - INFO - 正在爬取第 6 页...
2025-03-10 12:55:29,789 - ERROR - 爬取商品时出错: 
没有找到元素。
方法: ele()
参数: {'locator': 'xpath:/html/body/div[10]/div[2]', 'index': 1, 'timeout': 10}
版本: 4.1.0.17
2025-03-10 12:55:42,759 - ERROR - 爬取商品时出错: 
没有找到元素。
方法: ele()
参数: {'locator': 'xpath:/html/body/div[10]/div[2]', 'index': 1, 'timeout': 10}
版本: 4.1.0.17
2025-03-10 12:55:46,030 - INFO - 已爬取: {'品牌': '品牌： 瀚铠（VASTARMOR）', '商品名称': '商品名称：瀚铠6500XT', '商品编号': '商品编号：100129436273', '价格': '￥999.00', '店铺名称': '瀚铠（VASTARMOR）显卡京东自营旗舰店'}
2025-03-10 12:55:58,981 - ERROR - 爬取商品时出错: 
没有找到元素。
方法: ele()
参数: {'locator': 'xpath:/html/body/div[10]/div[2]', 'index': 1, 'timeout': 10}
版本: 4.1.0.17
2025-03-10 12:56:11,997 - ERROR - 爬取商品时出错: 
没有找到元素。
方法: ele()
参数: {'locator': 'xpath:/html/body/div[10]/div[2]', 'index': 1, 'timeout': 10}
版本: 4.1.0.17
2025-03-10 12:56:15,306 - INFO - 已爬取: {'品牌': '品牌： 铭u（MAXSUN）', '商品名称': '商品名称：铭u（MAXSUN）MS-RTX4060Ti iCraft OC8G 瑷珈X2', '商品编号': '商品编号：100153014437', '价格': '￥3999.00', '店铺名称': '铭u京东自营旗舰店'}
2025-03-10 12:56:28,291 - ERROR - 爬取商品时出错: 
没有找到元素。
方法: ele()
参数: {'locator': 'xpath:/html/body/div[10]/div[2]', 'index': 1, 'timeout': 10}
版本: 4.1.0.17
2025-03-10 12:56:41,181 - ERROR - 爬取商品时出错: 
没有找到元素。
方法: ele()
参数: {'locator': 'xpath:/html/body/div[10]/div[2]', 'index': 1, 'timeout': 10}
版本: 4.1.0.17
2025-03-10 12:56:44,567 - INFO - 已爬取: {'品牌': '品牌： 蓝戟', '商品名称': '商品名称：蓝戟A750', '商品编号': '商品编号：100120753462', '价格': '￥1699.00', '店铺名称': '蓝戟京东自营旗舰店'}
2025-03-10 12:56:48,527 - INFO - 已爬取: {'品牌': '品牌： 微星（MSI）', '商品名称': '商品名称：微星5070', '商品编号': '商品编号：100193118864', '价格': '￥8599.00', '店铺名称': '微星京东自营旗舰店'}
2025-03-10 12:57:01,752 - ERROR - 爬取商品时出错: 
没有找到元素。
方法: ele()
参数: {'locator': 'xpath:/html/body/div[10]/div[2]', 'index': 1, 'timeout': 10}
版本: 4.1.0.17
2025-03-10 12:57:14,687 - ERROR - 爬取商品时出错: 
没有找到元素。
方法: ele()
参数: {'locator': 'xpath:/html/body/div[10]/div[2]', 'index': 1, 'timeout': 10}
版本: 4.1.0.17
2025-03-10 12:57:17,924 - INFO - 已爬取: {'品牌': '品牌： 盈通（yeston）', '商品名称': '商品名称：盈通Yeston GT730-4G 4HDMI', '商品编号': '商品编号：100018745240', '价格': '￥799.00', '店铺名称': '盈通京东自营旗舰店'}
2025-03-10 12:57:30,819 - ERROR - 爬取商品时出错: 
没有找到元素。
方法: ele()
参数: {'locator': 'xpath:/html/body/div[10]/div[2]', 'index': 1, 'timeout': 10}
版本: 4.1.0.17
2025-03-10 12:57:43,859 - ERROR - 爬取商品时出错: 
没有找到元素。
方法: ele()
参数: {'locator': 'xpath:/html/body/div[10]/div[2]', 'index': 1, 'timeout': 10}
版本: 4.1.0.17
2025-03-10 12:57:57,230 - ERROR - 爬取商品时出错: 
没有找到元素。
方法: ele()
参数: {'locator': 'xpath:/html/body/div[10]/div[2]', 'index': 1, 'timeout': 10}
版本: 4.1.0.17
2025-03-10 12:58:10,183 - ERROR - 爬取商品时出错: 
没有找到元素。
方法: ele()
参数: {'locator': 'xpath:/html/body/div[10]/div[2]', 'index': 1, 'timeout': 10}
版本: 4.1.0.17
2025-03-10 12:58:23,163 - ERROR - 爬取商品时出错: 
没有找到元素。
方法: ele()
参数: {'locator': 'xpath:/html/body/div[10]/div[2]', 'index': 1, 'timeout': 10}
版本: 4.1.0.17
2025-03-10 12:58:36,224 - ERROR - 爬取商品时出错: 
没有找到元素。
方法: ele()
参数: {'locator': 'xpath:/html/body/div[10]/div[2]', 'index': 1, 'timeout': 10}
版本: 4.1.0.17
2025-03-10 12:58:49,329 - ERROR - 爬取商品时出错: 
没有找到元素。
方法: ele()
参数: {'locator': 'xpath:/html/body/div[10]/div[2]', 'index': 1, 'timeout': 10}
版本: 4.1.0.17
2025-03-10 12:59:02,230 - ERROR - 爬取商品时出错: 
没有找到元素。
方法: ele()
参数: {'locator': 'xpath:/html/body/div[10]/div[2]', 'index': 1, 'timeout': 10}
版本: 4.1.0.17
2025-03-10 12:59:15,146 - ERROR - 爬取商品时出错: 
没有找到元素。
方法: ele()
参数: {'locator': 'xpath:/html/body/div[10]/div[2]', 'index': 1, 'timeout': 10}
版本: 4.1.0.17
2025-03-10 12:59:18,638 - INFO - 已爬取: {'品牌': '品牌： 撼讯', '商品名称': '商品名称：撼讯7700XT', '商品编号': '商品编号：100135561904', '价格': '￥2999.00', '店铺名称': '撼讯京东自营旗舰店'}
2025-03-10 12:59:31,570 - ERROR - 爬取商品时出错: 
没有找到元素。
方法: ele()
参数: {'locator': 'xpath:/html/body/div[10]/div[2]', 'index': 1, 'timeout': 10}
版本: 4.1.0.17
2025-03-10 12:59:44,548 - ERROR - 爬取商品时出错: 
没有找到元素。
方法: ele()
参数: {'locator': 'xpath:/html/body/div[10]/div[2]', 'index': 1, 'timeout': 10}
版本: 4.1.0.17
2025-03-10 12:59:47,984 - INFO - 已爬取: {'品牌': '品牌： 盈通（yeston）', '商品名称': '商品名称：盈通盈通 RTX 3050 6G 极速版', '商品编号': '商品编号：100091649518', '价格': '￥1599.00', '店铺名称': '盈通京东自营旗舰店'}
2025-03-10 13:00:01,006 - ERROR - 爬取商品时出错: 
没有找到元素。
方法: ele()
参数: {'locator': 'xpath:/html/body/div[10]/div[2]', 'index': 1, 'timeout': 10}
版本: 4.1.0.17
2025-03-10 13:00:13,959 - ERROR - 爬取商品时出错: 
没有找到元素。
方法: ele()
参数: {'locator': 'xpath:/html/body/div[10]/div[2]', 'index': 1, 'timeout': 10}
版本: 4.1.0.17
2025-03-10 13:00:27,860 - ERROR - 爬取商品时出错: 
没有找到元素。
方法: ele()
参数: {'locator': 'xpath:/html/body/div[10]/div[2]', 'index': 1, 'timeout': 10}
版本: 4.1.0.17
2025-03-10 13:00:33,177 - INFO - 正在爬取第 7 页...
2025-03-10 13:00:34,479 - INFO - 已爬取: {'品牌': '品牌： 撼讯', '商品名称': '商品名称：撼讯RX 7700XT', '商品编号': '商品编号：100067342627', '价格': '￥3799.00', '店铺名称': '撼讯京东自营旗舰店'}
2025-03-10 13:00:37,737 - INFO - 已爬取: {'品牌': '品牌： 丽台（LEADTEK）', '商品名称': '商品名称：丽台A2000 12G', '商品编号': '商品编号：100077681751', '价格': '￥4499.00', '店铺名称': '丽台京东自营旗舰店'}
2025-03-10 13:00:50,619 - ERROR - 爬取商品时出错: 
没有找到元素。
方法: ele()
参数: {'locator': 'xpath:/html/body/div[10]/div[2]', 'index': 1, 'timeout': 10}
版本: 4.1.0.17
2025-03-10 13:01:03,607 - ERROR - 爬取商品时出错: 
没有找到元素。
方法: ele()
参数: {'locator': 'xpath:/html/body/div[10]/div[2]', 'index': 1, 'timeout': 10}
版本: 4.1.0.17
2025-03-10 13:01:16,570 - ERROR - 爬取商品时出错: 
没有找到元素。
方法: ele()
参数: {'locator': '@class=p-price', 'index': 1, 'timeout': 10}
版本: 4.1.0.17
2025-03-10 13:01:29,554 - ERROR - 爬取商品时出错: 
没有找到元素。
方法: ele()
参数: {'locator': '@class=p-price', 'index': 1, 'timeout': 10}
版本: 4.1.0.17
2025-03-10 13:01:42,601 - ERROR - 爬取商品时出错: 
没有找到元素。
方法: ele()
参数: {'locator': '@class=p-price', 'index': 1, 'timeout': 10}
版本: 4.1.0.17
2025-03-10 13:01:55,612 - ERROR - 爬取商品时出错: 
没有找到元素。
方法: ele()
参数: {'locator': '@class=p-price', 'index': 1, 'timeout': 10}
版本: 4.1.0.17
2025-03-10 13:02:08,704 - ERROR - 爬取商品时出错: 
没有找到元素。
方法: ele()
参数: {'locator': '@class=p-price', 'index': 1, 'timeout': 10}
版本: 4.1.0.17
2025-03-10 13:02:21,684 - ERROR - 爬取商品时出错: 
没有找到元素。
方法: ele()
参数: {'locator': '@class=p-price', 'index': 1, 'timeout': 10}
版本: 4.1.0.17
2025-03-10 13:02:24,707 - INFO - 已爬取: {'品牌': '品牌： 磐镭', '商品名称': '商品名称：磐镭R5-220', '商品编号': '商品编号：100163287270', '价格': '￥149.00', '店铺名称': '磐镭京东自营旗舰店'}
2025-03-10 13:02:37,734 - ERROR - 爬取商品时出错: 
没有找到元素。
方法: ele()
参数: {'locator': '@class=p-price', 'index': 1, 'timeout': 10}
版本: 4.1.0.17
2025-03-10 13:02:50,736 - ERROR - 爬取商品时出错: 
没有找到元素。
方法: ele()
参数: {'locator': '@class=p-price', 'index': 1, 'timeout': 10}
版本: 4.1.0.17
2025-03-10 13:03:03,749 - ERROR - 爬取商品时出错: 
没有找到元素。
方法: ele()
参数: {'locator': '@class=p-price', 'index': 1, 'timeout': 10}
版本: 4.1.0.17
2025-03-10 13:03:16,979 - ERROR - 爬取商品时出错: 
没有找到元素。
方法: ele()
参数: {'locator': '@class=p-price', 'index': 1, 'timeout': 10}
版本: 4.1.0.17
2025-03-10 13:03:29,997 - ERROR - 爬取商品时出错: 
没有找到元素。
方法: ele()
参数: {'locator': '@class=p-price', 'index': 1, 'timeout': 10}
版本: 4.1.0.17
2025-03-10 13:03:42,988 - ERROR - 爬取商品时出错: 
没有找到元素。
方法: ele()
参数: {'locator': '@class=p-price', 'index': 1, 'timeout': 10}
版本: 4.1.0.17
2025-03-10 13:03:55,969 - ERROR - 爬取商品时出错: 
没有找到元素。
方法: ele()
参数: {'locator': '@class=p-price', 'index': 1, 'timeout': 10}
版本: 4.1.0.17
2025-03-10 13:04:09,118 - ERROR - 爬取商品时出错: 
没有找到元素。
方法: ele()
参数: {'locator': 'xpath:/html/body/div[10]/div[2]', 'index': 1, 'timeout': 10}
版本: 4.1.0.17
2025-03-10 13:04:22,190 - ERROR - 爬取商品时出错: 
没有找到元素。
方法: ele()
参数: {'locator': '@class=p-price', 'index': 1, 'timeout': 10}
版本: 4.1.0.17
2025-03-10 13:04:35,199 - ERROR - 爬取商品时出错: 
没有找到元素。
方法: ele()
参数: {'locator': '@class=p-price', 'index': 1, 'timeout': 10}
版本: 4.1.0.17
2025-03-10 13:04:48,227 - ERROR - 爬取商品时出错: 
没有找到元素。
方法: ele()
参数: {'locator': '@class=p-price', 'index': 1, 'timeout': 10}
版本: 4.1.0.17
2025-03-10 13:05:01,270 - ERROR - 爬取商品时出错: 
没有找到元素。
方法: ele()
参数: {'locator': '@class=p-price', 'index': 1, 'timeout': 10}
版本: 4.1.0.17
2025-03-10 13:10:07,000 - INFO - 正在爬取第 7 页...
2025-03-10 13:10:18,601 - ERROR - 爬取商品时出错: 
没有找到元素。
方法: ele()
参数: {'locator': 'xpath:/html/body/div[10]/div[2]', 'index': 1, 'timeout': 10}
版本: 4.1.0.17
2025-03-10 13:10:31,780 - ERROR - 爬取商品时出错: 
没有找到元素。
方法: ele()
参数: {'locator': 'xpath:/html/body/div[10]/div[2]', 'index': 1, 'timeout': 10}
版本: 4.1.0.17
2025-03-10 13:10:45,262 - ERROR - 爬取商品时出错: 
没有找到元素。
方法: ele()
参数: {'locator': 'xpath:/html/body/div[10]/div[2]', 'index': 1, 'timeout': 10}
版本: 4.1.0.17
2025-03-10 13:10:58,132 - ERROR - 爬取商品时出错: 
没有找到元素。
方法: ele()
参数: {'locator': 'xpath:/html/body/div[10]/div[2]', 'index': 1, 'timeout': 10}
版本: 4.1.0.17
2025-03-10 13:11:11,085 - ERROR - 爬取商品时出错: 
没有找到元素。
方法: ele()
参数: {'locator': 'xpath:/html/body/div[10]/div[2]', 'index': 1, 'timeout': 10}
版本: 4.1.0.17
2025-03-10 13:11:24,117 - ERROR - 爬取商品时出错: 
没有找到元素。
方法: ele()
参数: {'locator': 'xpath:/html/body/div[10]/div[2]', 'index': 1, 'timeout': 10}
版本: 4.1.0.17
